#
# A fatal error has been detected by the Java Runtime Environment:
#
#  SIGSEGV (0xb) at pc=0x0000000104760f94, pid=16075, tid=5891
#
# JRE version: Java(TM) SE Runtime Environment 18.9 (11.0.9+7) (build 11.0.9+7-LTS)
# Java VM: Java HotSpot(TM) 64-Bit Server VM 18.9 (11.0.9+7-LTS, mixed mode, tiered, compressed oops, g1 gc, bsd-amd64)
# Problematic frame:
# V  [libjvm.dylib+0x760f94]  EnableIf<HasDecorator<1097844ull, MO_UNORDERED>::value, oopDesc*>::type RawAccessBarrier<1097844ull>::load_internal<1097844ull, oopDesc*>(void*)+0x4
#
# No core dump will be written. Core dumps have been disabled. To enable core dumping, try "ulimit -c unlimited" before starting Java again
#
# If you would like to submit a bug report, please visit:
#   https://bugreport.java.com/bugreport/crash.jsp
#

---------------  S U M M A R Y ------------

Command Line: -Dfile.encoding=UTF-8 org.objectweb.asm.util.CheckClassAdapter$1

Host: MacBookAir7,2 x86_64 1800 MHz, 4 cores, 8G, Darwin 19.6.0
Time: Sun Oct 31 21:37:16 2021 -03 elapsed time: 0.817320 seconds (0d 0h 0m 0s)

---------------  T H R E A D  ---------------

Current thread (0x00007f9a67018800):  JavaThread "main" [_thread_in_vm, id=5891, stack(0x0000700004d0c000,0x0000700004e0c000)]

Stack: [0x0000700004d0c000,0x0000700004e0c000],  sp=0x0000700004e0bdd0,  free space=1023k
Native frames: (J=compiled Java code, A=aot compiled Java code, j=interpreted, Vv=VM code, C=native code)
V  [libjvm.dylib+0x760f94]  EnableIf<HasDecorator<1097844ull, MO_UNORDERED>::value, oopDesc*>::type RawAccessBarrier<1097844ull>::load_internal<1097844ull, oopDesc*>(void*)+0x4
V  [libjvm.dylib+0x760f59]  oopDesc* RawAccessBarrier<1097844ull>::oop_load<oopDesc*>(void*)+0x9
V  [libjvm.dylib+0x760fcb]  oopDesc* G1BarrierSet::AccessBarrier<1097844ull, G1BarrierSet>::oop_load_not_in_heap<oopDesc*>(oopDesc**)+0xb
V  [libjvm.dylib+0x3ea039]  jni_GetStringUTFChars+0xe3
C  [libjli.dylib+0x70ed]  PostJVMInit+0xad
C  [libjli.dylib+0x4a09]  JavaMain+0xa50
C  [libsystem_pthread.dylib+0x6109]  _pthread_start+0x94
C  [libsystem_pthread.dylib+0x1b8b]  thread_start+0xf


siginfo: si_signo: 11 (SIGSEGV), si_code: 1 (SEGV_MAPERR), si_addr: 0x0000000000000000

Register to memory mapping:

RAX=0x0 is NULL
RBX=0x0 is NULL
RCX=0x000000010494bf01: jni_NativeInterface+0x1 in /Library/Java/JavaVirtualMachines/jdk-11.0.9.jdk/Contents/Home/lib/server/libjvm.dylib at 0x0000000104000000
RDX=0x0 is NULL
RSP=0x0000700004e0bdd0 is pointing into the stack for thread: 0x00007f9a67018800
RBP=0x0000700004e0bdd0 is pointing into the stack for thread: 0x00007f9a67018800
RSI=0x0 is NULL
RDI=0x0 is NULL
R8 ={method} {0x000000012343e640} 'getCanonicalName' '()Ljava/lang/String;' in 'java/lang/Class'
R9 =0x00007f9a65e1d0d0 points into unknown readable memory: 40 e6 43 23 01 00 00 00
R10=0x00000001049a8ac0: _ZN19TemplateInterpreter13_active_tableE+0x4800 in /Library/Java/JavaVirtualMachines/jdk-11.0.9.jdk/Contents/Home/lib/server/libjvm.dylib at 0x0000000104000000
R11=0x0000000123436f00 is pointing into metadata
R12=0x00007f9a67018b40 points into unknown readable memory: 00 bf 94 04 01 00 00 00
R13=0x0 is NULL
R14=0x00007f9a67018800 is a thread
R15=0x0 is NULL


Registers:
RAX=0x0000000000000000, RBX=0x0000000000000000, RCX=0x000000010494bf01, RDX=0x0000000000000000
RSP=0x0000700004e0bdd0, RBP=0x0000700004e0bdd0, RSI=0x0000000000000000, RDI=0x0000000000000000
R8 =0x000000012343e640, R9 =0x00007f9a65e1d0d0, R10=0x00000001049a8ac0, R11=0x0000000123436f00
R12=0x00007f9a67018b40, R13=0x0000000000000000, R14=0x00007f9a67018800, R15=0x0000000000000000
RIP=0x0000000104760f94, EFLAGS=0x0000000000010246, ERR=0x0000000000000004
  TRAPNO=0x000000000000000e

Top of Stack: (sp=0x0000700004e0bdd0)
0x0000700004e0bdd0:   0000700004e0bde0 0000000104760f59
0x0000700004e0bde0:   0000700004e0be00 0000000104760fcb
0x0000700004e0bdf0:   0000000000000000 0000000000000000
0x0000700004e0be00:   0000700004e0be90 00000001043ea039
0x0000700004e0be10:   000000010499de01 00007f9a67018800
0x0000700004e0be20:   0000700004e0be40 000000010475e36e
0x0000700004e0be30:   000000010499de01 00007f9a67018800
0x0000700004e0be40:   0000000000000000 000000010475e304
0x0000700004e0be50:   0000000000000000 00007f9a67018800
0x0000700004e0be60:   0000700004e0be90 00007f9a67018b40
0x0000700004e0be70:   00007f9a65e06730 0000000000000000
0x0000700004e0be80:   0000000000000000 00007f9a65e06738
0x0000700004e0be90:   0000700004e0bf20 000000010369a0ed
0x0000700004e0bea0:   000000010499de01 00007f9a67018800
0x0000700004e0beb0:   0000700004e0bed0 000000010475e36e
0x0000700004e0bec0:   000000010499de01 00007f9a67018800
0x0000700004e0bed0:   0000700004e0bef0 000000010475e304
0x0000700004e0bee0:   00007f9a65e052a0 0000000000000000
0x0000700004e0bef0:   0000700004e0bf20 3190b092190d00b5
0x0000700004e0bf00:   00007f9a67018b40 00007f9a65e06730
0x0000700004e0bf10:   00007f9a65e06748 00007f9a65e06738
0x0000700004e0bf20:   0000700004e0bfb0 0000000103697a09
0x0000700004e0bf30:   0000000000000000 0005cfaf60e3dd8c
0x0000700004e0bf40:   0000000400010002 00007f9a65c05500
0x0000700004e0bf50:   0000000000000000 0000000000000000
0x0000700004e0bf60:   00007f9a65d0e3e8 0000000000000001
0x0000700004e0bf70:   00007f9a65d0e390 00007f9a67018b40
0x0000700004e0bf80:   000000010494bef8 0000700004e0c000
0x0000700004e0bf90:   0000000000000000 0000000000000000
0x0000700004e0bfa0:   0000000000000000 0000000000000000
0x0000700004e0bfb0:   0000700004e0bfd0 00007fff6ec37109
0x0000700004e0bfc0:   0000000000000000 0000000000000000 

Instructions: (pc=0x0000000104760f94)
0x0000000104760f74:   5d e9 16 00 00 00 66 0f 1f 44 00 00 55 48 89 e5
0x0000000104760f84:   5d e9 16 00 00 00 66 0f 1f 44 00 00 55 48 89 e5
0x0000000104760f94:   48 8b 07 5d c3 0f 1f 80 00 00 00 00 55 48 89 e5
0x0000000104760fa4:   48 89 f8 5d c3 0f 1f 80 00 00 00 00 55 48 89 e5 

Stack slot to memory mapping:
stack at sp + 0 slots: 0x0000700004e0bde0 is pointing into the stack for thread: 0x00007f9a67018800
stack at sp + 1 slots: 0x0000000104760f59: _ZN16RawAccessBarrierILy1097844EE8oop_loadIP7oopDescEET_Pv+0x9 in /Library/Java/JavaVirtualMachines/jdk-11.0.9.jdk/Contents/Home/lib/server/libjvm.dylib at 0x0000000104000000
stack at sp + 2 slots: 0x0000700004e0be00 is pointing into the stack for thread: 0x00007f9a67018800
stack at sp + 3 slots: 0x0000000104760fcb: _ZN12G1BarrierSet13AccessBarrierILy1097844ES_E20oop_load_not_in_heapIP7oopDescEES4_PT_+0xb in /Library/Java/JavaVirtualMachines/jdk-11.0.9.jdk/Contents/Home/lib/server/libjvm.dylib at 0x0000000104000000
stack at sp + 4 slots: 0x0 is NULL
stack at sp + 5 slots: 0x0 is NULL
stack at sp + 6 slots: 0x0000700004e0be90 is pointing into the stack for thread: 0x00007f9a67018800
stack at sp + 7 slots: 0x00000001043ea039: jni_GetStringUTFChars+0xe3 in /Library/Java/JavaVirtualMachines/jdk-11.0.9.jdk/Contents/Home/lib/server/libjvm.dylib at 0x0000000104000000


---------------  P R O C E S S  ---------------

Threads class SMR info:
_java_thread_list=0x00007f9a65e248e0, length=9, elements={
0x00007f9a67018800, 0x00007f9a66018800, 0x00007f9a6808a800, 0x00007f9a67035000,
0x00007f9a6601b800, 0x00007f9a67033000, 0x00007f9a67038000, 0x00007f9a660ce000,
0x00007f9a67035800
}

Java Threads: ( => current thread )
=>0x00007f9a67018800 JavaThread "main" [_thread_in_vm, id=5891, stack(0x0000700004d0c000,0x0000700004e0c000)]
  0x00007f9a66018800 JavaThread "Reference Handler" daemon [_thread_blocked, id=13827, stack(0x0000700005421000,0x0000700005521000)]
  0x00007f9a6808a800 JavaThread "Finalizer" daemon [_thread_blocked, id=14339, stack(0x0000700005524000,0x0000700005624000)]
  0x00007f9a67035000 JavaThread "Signal Dispatcher" daemon [_thread_blocked, id=17155, stack(0x000070000572d000,0x000070000582d000)]
  0x00007f9a6601b800 JavaThread "C2 CompilerThread0" daemon [_thread_blocked, id=21763, stack(0x0000700005830000,0x0000700005930000)]
  0x00007f9a67033000 JavaThread "C1 CompilerThread0" daemon [_thread_blocked, id=22275, stack(0x0000700005933000,0x0000700005a33000)]
  0x00007f9a67038000 JavaThread "Sweeper thread" daemon [_thread_blocked, id=42755, stack(0x0000700005a36000,0x0000700005b36000)]
  0x00007f9a660ce000 JavaThread "Service Thread" daemon [_thread_blocked, id=23299, stack(0x0000700005b39000,0x0000700005c39000)]
  0x00007f9a67035800 JavaThread "Common-Cleaner" daemon [_thread_blocked, id=41731, stack(0x0000700005d3f000,0x0000700005e3f000)]

Other Threads:
  0x00007f9a67034000 VMThread "VM Thread" [stack: 0x000070000531e000,0x000070000541e000] [id=13571]
  0x00007f9a660d1000 WatcherThread [stack: 0x0000700005c3c000,0x0000700005d3c000] [id=42499]
  0x00007f9a6800c000 GCTaskThread "GC Thread#0" [stack: 0x0000700004e0f000,0x0000700004f0f000] [id=20739]
  0x00007f9a6802c800 ConcurrentGCThread "G1 Main Marker" [stack: 0x0000700004f12000,0x0000700005012000] [id=11267]
  0x00007f9a6802d800 ConcurrentGCThread "G1 Conc#0" [stack: 0x0000700005015000,0x0000700005115000] [id=12291]
  0x00007f9a68073000 ConcurrentGCThread "G1 Refine#0" [stack: 0x0000700005118000,0x0000700005218000] [id=20227]
  0x00007f9a68074000 ConcurrentGCThread "G1 Young RemSet Sampling" [stack: 0x000070000521b000,0x000070000531b000] [id=19715]

Threads with active compile tasks:

VM state:not at safepoint (normal execution)

VM Mutex/Monitor currently owned by a thread: None

Heap address: 0x0000000780000000, size: 2048 MB, Compressed Oops mode: Zero based, Oop shift amount: 3
Narrow klass base: 0x0000000800000000, Narrow klass shift: 0
Compressed class space size: 1073741824 Address: 0x0000000800000000

Heap:
 garbage-first heap   total 131072K, used 14336K [0x0000000780000000, 0x0000000800000000)
  region size 1024K, 13 young (13312K), 0 survivors (0K)
 Metaspace       used 5246K, capacity 5400K, committed 5632K, reserved 1056768K
  class space    used 432K, capacity 464K, committed 512K, reserved 1048576K
Heap Regions: E=young(eden), S=young(survivor), O=old, HS=humongous(starts), HC=humongous(continues), CS=collection set, F=free, A=archive, TAMS=top-at-mark-start (previous, next)
|   0|0x0000000780000000, 0x0000000780100000, 0x0000000780100000|100%|HS|  |TAMS 0x0000000780000000, 0x0000000780000000| Complete 
|   1|0x0000000780100000, 0x0000000780200000, 0x0000000780200000|100%|HC|  |TAMS 0x0000000780100000, 0x0000000780100000| Complete 
|   2|0x0000000780200000, 0x0000000780200000, 0x0000000780300000|  0%| F|  |TAMS 0x0000000780200000, 0x0000000780200000| Untracked 
|   3|0x0000000780300000, 0x0000000780300000, 0x0000000780400000|  0%| F|  |TAMS 0x0000000780300000, 0x0000000780300000| Untracked 
|   4|0x0000000780400000, 0x0000000780400000, 0x0000000780500000|  0%| F|  |TAMS 0x0000000780400000, 0x0000000780400000| Untracked 
|   5|0x0000000780500000, 0x0000000780500000, 0x0000000780600000|  0%| F|  |TAMS 0x0000000780500000, 0x0000000780500000| Untracked 
|   6|0x0000000780600000, 0x0000000780600000, 0x0000000780700000|  0%| F|  |TAMS 0x0000000780600000, 0x0000000780600000| Untracked 
|   7|0x0000000780700000, 0x0000000780700000, 0x0000000780800000|  0%| F|  |TAMS 0x0000000780700000, 0x0000000780700000| Untracked 
|   8|0x0000000780800000, 0x0000000780800000, 0x0000000780900000|  0%| F|  |TAMS 0x0000000780800000, 0x0000000780800000| Untracked 
|   9|0x0000000780900000, 0x0000000780900000, 0x0000000780a00000|  0%| F|  |TAMS 0x0000000780900000, 0x0000000780900000| Untracked 
|  10|0x0000000780a00000, 0x0000000780a00000, 0x0000000780b00000|  0%| F|  |TAMS 0x0000000780a00000, 0x0000000780a00000| Untracked 
|  11|0x0000000780b00000, 0x0000000780b00000, 0x0000000780c00000|  0%| F|  |TAMS 0x0000000780b00000, 0x0000000780b00000| Untracked 
|  12|0x0000000780c00000, 0x0000000780c00000, 0x0000000780d00000|  0%| F|  |TAMS 0x0000000780c00000, 0x0000000780c00000| Untracked 
|  13|0x0000000780d00000, 0x0000000780d00000, 0x0000000780e00000|  0%| F|  |TAMS 0x0000000780d00000, 0x0000000780d00000| Untracked 
|  14|0x0000000780e00000, 0x0000000780e00000, 0x0000000780f00000|  0%| F|  |TAMS 0x0000000780e00000, 0x0000000780e00000| Untracked 
|  15|0x0000000780f00000, 0x0000000780f00000, 0x0000000781000000|  0%| F|  |TAMS 0x0000000780f00000, 0x0000000780f00000| Untracked 
|  16|0x0000000781000000, 0x0000000781000000, 0x0000000781100000|  0%| F|  |TAMS 0x0000000781000000, 0x0000000781000000| Untracked 
|  17|0x0000000781100000, 0x0000000781100000, 0x0000000781200000|  0%| F|  |TAMS 0x0000000781100000, 0x0000000781100000| Untracked 
|  18|0x0000000781200000, 0x0000000781200000, 0x0000000781300000|  0%| F|  |TAMS 0x0000000781200000, 0x0000000781200000| Untracked 
|  19|0x0000000781300000, 0x0000000781300000, 0x0000000781400000|  0%| F|  |TAMS 0x0000000781300000, 0x0000000781300000| Untracked 
|  20|0x0000000781400000, 0x0000000781400000, 0x0000000781500000|  0%| F|  |TAMS 0x0000000781400000, 0x0000000781400000| Untracked 
|  21|0x0000000781500000, 0x0000000781500000, 0x0000000781600000|  0%| F|  |TAMS 0x0000000781500000, 0x0000000781500000| Untracked 
|  22|0x0000000781600000, 0x0000000781600000, 0x0000000781700000|  0%| F|  |TAMS 0x0000000781600000, 0x0000000781600000| Untracked 
|  23|0x0000000781700000, 0x0000000781700000, 0x0000000781800000|  0%| F|  |TAMS 0x0000000781700000, 0x0000000781700000| Untracked 
|  24|0x0000000781800000, 0x0000000781800000, 0x0000000781900000|  0%| F|  |TAMS 0x0000000781800000, 0x0000000781800000| Untracked 
|  25|0x0000000781900000, 0x0000000781900000, 0x0000000781a00000|  0%| F|  |TAMS 0x0000000781900000, 0x0000000781900000| Untracked 
|  26|0x0000000781a00000, 0x0000000781a00000, 0x0000000781b00000|  0%| F|  |TAMS 0x0000000781a00000, 0x0000000781a00000| Untracked 
|  27|0x0000000781b00000, 0x0000000781b00000, 0x0000000781c00000|  0%| F|  |TAMS 0x0000000781b00000, 0x0000000781b00000| Untracked 
|  28|0x0000000781c00000, 0x0000000781c00000, 0x0000000781d00000|  0%| F|  |TAMS 0x0000000781c00000, 0x0000000781c00000| Untracked 
|  29|0x0000000781d00000, 0x0000000781d00000, 0x0000000781e00000|  0%| F|  |TAMS 0x0000000781d00000, 0x0000000781d00000| Untracked 
|  30|0x0000000781e00000, 0x0000000781e00000, 0x0000000781f00000|  0%| F|  |TAMS 0x0000000781e00000, 0x0000000781e00000| Untracked 
|  31|0x0000000781f00000, 0x0000000781f00000, 0x0000000782000000|  0%| F|  |TAMS 0x0000000781f00000, 0x0000000781f00000| Untracked 
|  32|0x0000000782000000, 0x0000000782000000, 0x0000000782100000|  0%| F|  |TAMS 0x0000000782000000, 0x0000000782000000| Untracked 
|  33|0x0000000782100000, 0x0000000782100000, 0x0000000782200000|  0%| F|  |TAMS 0x0000000782100000, 0x0000000782100000| Untracked 
|  34|0x0000000782200000, 0x0000000782200000, 0x0000000782300000|  0%| F|  |TAMS 0x0000000782200000, 0x0000000782200000| Untracked 
|  35|0x0000000782300000, 0x0000000782300000, 0x0000000782400000|  0%| F|  |TAMS 0x0000000782300000, 0x0000000782300000| Untracked 
|  36|0x0000000782400000, 0x0000000782400000, 0x0000000782500000|  0%| F|  |TAMS 0x0000000782400000, 0x0000000782400000| Untracked 
|  37|0x0000000782500000, 0x0000000782500000, 0x0000000782600000|  0%| F|  |TAMS 0x0000000782500000, 0x0000000782500000| Untracked 
|  38|0x0000000782600000, 0x0000000782600000, 0x0000000782700000|  0%| F|  |TAMS 0x0000000782600000, 0x0000000782600000| Untracked 
|  39|0x0000000782700000, 0x0000000782700000, 0x0000000782800000|  0%| F|  |TAMS 0x0000000782700000, 0x0000000782700000| Untracked 
|  40|0x0000000782800000, 0x0000000782800000, 0x0000000782900000|  0%| F|  |TAMS 0x0000000782800000, 0x0000000782800000| Untracked 
|  41|0x0000000782900000, 0x0000000782900000, 0x0000000782a00000|  0%| F|  |TAMS 0x0000000782900000, 0x0000000782900000| Untracked 
|  42|0x0000000782a00000, 0x0000000782a00000, 0x0000000782b00000|  0%| F|  |TAMS 0x0000000782a00000, 0x0000000782a00000| Untracked 
|  43|0x0000000782b00000, 0x0000000782b00000, 0x0000000782c00000|  0%| F|  |TAMS 0x0000000782b00000, 0x0000000782b00000| Untracked 
|  44|0x0000000782c00000, 0x0000000782c00000, 0x0000000782d00000|  0%| F|  |TAMS 0x0000000782c00000, 0x0000000782c00000| Untracked 
|  45|0x0000000782d00000, 0x0000000782d00000, 0x0000000782e00000|  0%| F|  |TAMS 0x0000000782d00000, 0x0000000782d00000| Untracked 
|  46|0x0000000782e00000, 0x0000000782e00000, 0x0000000782f00000|  0%| F|  |TAMS 0x0000000782e00000, 0x0000000782e00000| Untracked 
|  47|0x0000000782f00000, 0x0000000782f00000, 0x0000000783000000|  0%| F|  |TAMS 0x0000000782f00000, 0x0000000782f00000| Untracked 
|  48|0x0000000783000000, 0x0000000783000000, 0x0000000783100000|  0%| F|  |TAMS 0x0000000783000000, 0x0000000783000000| Untracked 
|  49|0x0000000783100000, 0x0000000783100000, 0x0000000783200000|  0%| F|  |TAMS 0x0000000783100000, 0x0000000783100000| Untracked 
|  50|0x0000000783200000, 0x0000000783200000, 0x0000000783300000|  0%| F|  |TAMS 0x0000000783200000, 0x0000000783200000| Untracked 
|  51|0x0000000783300000, 0x0000000783300000, 0x0000000783400000|  0%| F|  |TAMS 0x0000000783300000, 0x0000000783300000| Untracked 
|  52|0x0000000783400000, 0x0000000783400000, 0x0000000783500000|  0%| F|  |TAMS 0x0000000783400000, 0x0000000783400000| Untracked 
|  53|0x0000000783500000, 0x0000000783500000, 0x0000000783600000|  0%| F|  |TAMS 0x0000000783500000, 0x0000000783500000| Untracked 
|  54|0x0000000783600000, 0x0000000783600000, 0x0000000783700000|  0%| F|  |TAMS 0x0000000783600000, 0x0000000783600000| Untracked 
|  55|0x0000000783700000, 0x0000000783700000, 0x0000000783800000|  0%| F|  |TAMS 0x0000000783700000, 0x0000000783700000| Untracked 
|  56|0x0000000783800000, 0x0000000783800000, 0x0000000783900000|  0%| F|  |TAMS 0x0000000783800000, 0x0000000783800000| Untracked 
|  57|0x0000000783900000, 0x0000000783900000, 0x0000000783a00000|  0%| F|  |TAMS 0x0000000783900000, 0x0000000783900000| Untracked 
|  58|0x0000000783a00000, 0x0000000783a00000, 0x0000000783b00000|  0%| F|  |TAMS 0x0000000783a00000, 0x0000000783a00000| Untracked 
|  59|0x0000000783b00000, 0x0000000783b00000, 0x0000000783c00000|  0%| F|  |TAMS 0x0000000783b00000, 0x0000000783b00000| Untracked 
|  60|0x0000000783c00000, 0x0000000783c00000, 0x0000000783d00000|  0%| F|  |TAMS 0x0000000783c00000, 0x0000000783c00000| Untracked 
|  61|0x0000000783d00000, 0x0000000783d00000, 0x0000000783e00000|  0%| F|  |TAMS 0x0000000783d00000, 0x0000000783d00000| Untracked 
|  62|0x0000000783e00000, 0x0000000783e00000, 0x0000000783f00000|  0%| F|  |TAMS 0x0000000783e00000, 0x0000000783e00000| Untracked 
|  63|0x0000000783f00000, 0x0000000783f00000, 0x0000000784000000|  0%| F|  |TAMS 0x0000000783f00000, 0x0000000783f00000| Untracked 
|  64|0x0000000784000000, 0x0000000784000000, 0x0000000784100000|  0%| F|  |TAMS 0x0000000784000000, 0x0000000784000000| Untracked 
|  65|0x0000000784100000, 0x0000000784100000, 0x0000000784200000|  0%| F|  |TAMS 0x0000000784100000, 0x0000000784100000| Untracked 
|  66|0x0000000784200000, 0x0000000784200000, 0x0000000784300000|  0%| F|  |TAMS 0x0000000784200000, 0x0000000784200000| Untracked 
|  67|0x0000000784300000, 0x0000000784300000, 0x0000000784400000|  0%| F|  |TAMS 0x0000000784300000, 0x0000000784300000| Untracked 
|  68|0x0000000784400000, 0x0000000784400000, 0x0000000784500000|  0%| F|  |TAMS 0x0000000784400000, 0x0000000784400000| Untracked 
|  69|0x0000000784500000, 0x0000000784500000, 0x0000000784600000|  0%| F|  |TAMS 0x0000000784500000, 0x0000000784500000| Untracked 
|  70|0x0000000784600000, 0x0000000784600000, 0x0000000784700000|  0%| F|  |TAMS 0x0000000784600000, 0x0000000784600000| Untracked 
|  71|0x0000000784700000, 0x0000000784700000, 0x0000000784800000|  0%| F|  |TAMS 0x0000000784700000, 0x0000000784700000| Untracked 
|  72|0x0000000784800000, 0x0000000784800000, 0x0000000784900000|  0%| F|  |TAMS 0x0000000784800000, 0x0000000784800000| Untracked 
|  73|0x0000000784900000, 0x0000000784900000, 0x0000000784a00000|  0%| F|  |TAMS 0x0000000784900000, 0x0000000784900000| Untracked 
|  74|0x0000000784a00000, 0x0000000784a00000, 0x0000000784b00000|  0%| F|  |TAMS 0x0000000784a00000, 0x0000000784a00000| Untracked 
|  75|0x0000000784b00000, 0x0000000784b00000, 0x0000000784c00000|  0%| F|  |TAMS 0x0000000784b00000, 0x0000000784b00000| Untracked 
|  76|0x0000000784c00000, 0x0000000784c00000, 0x0000000784d00000|  0%| F|  |TAMS 0x0000000784c00000, 0x0000000784c00000| Untracked 
|  77|0x0000000784d00000, 0x0000000784d00000, 0x0000000784e00000|  0%| F|  |TAMS 0x0000000784d00000, 0x0000000784d00000| Untracked 
|  78|0x0000000784e00000, 0x0000000784e00000, 0x0000000784f00000|  0%| F|  |TAMS 0x0000000784e00000, 0x0000000784e00000| Untracked 
|  79|0x0000000784f00000, 0x0000000784f00000, 0x0000000785000000|  0%| F|  |TAMS 0x0000000784f00000, 0x0000000784f00000| Untracked 
|  80|0x0000000785000000, 0x0000000785000000, 0x0000000785100000|  0%| F|  |TAMS 0x0000000785000000, 0x0000000785000000| Untracked 
|  81|0x0000000785100000, 0x0000000785100000, 0x0000000785200000|  0%| F|  |TAMS 0x0000000785100000, 0x0000000785100000| Untracked 
|  82|0x0000000785200000, 0x0000000785200000, 0x0000000785300000|  0%| F|  |TAMS 0x0000000785200000, 0x0000000785200000| Untracked 
|  83|0x0000000785300000, 0x0000000785300000, 0x0000000785400000|  0%| F|  |TAMS 0x0000000785300000, 0x0000000785300000| Untracked 
|  84|0x0000000785400000, 0x0000000785400000, 0x0000000785500000|  0%| F|  |TAMS 0x0000000785400000, 0x0000000785400000| Untracked 
|  85|0x0000000785500000, 0x0000000785500000, 0x0000000785600000|  0%| F|  |TAMS 0x0000000785500000, 0x0000000785500000| Untracked 
|  86|0x0000000785600000, 0x0000000785600000, 0x0000000785700000|  0%| F|  |TAMS 0x0000000785600000, 0x0000000785600000| Untracked 
|  87|0x0000000785700000, 0x0000000785700000, 0x0000000785800000|  0%| F|  |TAMS 0x0000000785700000, 0x0000000785700000| Untracked 
|  88|0x0000000785800000, 0x0000000785800000, 0x0000000785900000|  0%| F|  |TAMS 0x0000000785800000, 0x0000000785800000| Untracked 
|  89|0x0000000785900000, 0x0000000785900000, 0x0000000785a00000|  0%| F|  |TAMS 0x0000000785900000, 0x0000000785900000| Untracked 
|  90|0x0000000785a00000, 0x0000000785a00000, 0x0000000785b00000|  0%| F|  |TAMS 0x0000000785a00000, 0x0000000785a00000| Untracked 
|  91|0x0000000785b00000, 0x0000000785b00000, 0x0000000785c00000|  0%| F|  |TAMS 0x0000000785b00000, 0x0000000785b00000| Untracked 
|  92|0x0000000785c00000, 0x0000000785c00000, 0x0000000785d00000|  0%| F|  |TAMS 0x0000000785c00000, 0x0000000785c00000| Untracked 
|  93|0x0000000785d00000, 0x0000000785d00000, 0x0000000785e00000|  0%| F|  |TAMS 0x0000000785d00000, 0x0000000785d00000| Untracked 
|  94|0x0000000785e00000, 0x0000000785e00000, 0x0000000785f00000|  0%| F|  |TAMS 0x0000000785e00000, 0x0000000785e00000| Untracked 
|  95|0x0000000785f00000, 0x0000000785f00000, 0x0000000786000000|  0%| F|  |TAMS 0x0000000785f00000, 0x0000000785f00000| Untracked 
|  96|0x0000000786000000, 0x0000000786000000, 0x0000000786100000|  0%| F|  |TAMS 0x0000000786000000, 0x0000000786000000| Untracked 
|  97|0x0000000786100000, 0x0000000786100000, 0x0000000786200000|  0%| F|  |TAMS 0x0000000786100000, 0x0000000786100000| Untracked 
|  98|0x0000000786200000, 0x0000000786200000, 0x0000000786300000|  0%| F|  |TAMS 0x0000000786200000, 0x0000000786200000| Untracked 
|  99|0x0000000786300000, 0x0000000786300000, 0x0000000786400000|  0%| F|  |TAMS 0x0000000786300000, 0x0000000786300000| Untracked 
| 100|0x0000000786400000, 0x0000000786400000, 0x0000000786500000|  0%| F|  |TAMS 0x0000000786400000, 0x0000000786400000| Untracked 
| 101|0x0000000786500000, 0x0000000786500000, 0x0000000786600000|  0%| F|  |TAMS 0x0000000786500000, 0x0000000786500000| Untracked 
| 102|0x0000000786600000, 0x0000000786600000, 0x0000000786700000|  0%| F|  |TAMS 0x0000000786600000, 0x0000000786600000| Untracked 
| 103|0x0000000786700000, 0x0000000786700000, 0x0000000786800000|  0%| F|  |TAMS 0x0000000786700000, 0x0000000786700000| Untracked 
| 104|0x0000000786800000, 0x0000000786800000, 0x0000000786900000|  0%| F|  |TAMS 0x0000000786800000, 0x0000000786800000| Untracked 
| 105|0x0000000786900000, 0x0000000786900000, 0x0000000786a00000|  0%| F|  |TAMS 0x0000000786900000, 0x0000000786900000| Untracked 
| 106|0x0000000786a00000, 0x0000000786a00000, 0x0000000786b00000|  0%| F|  |TAMS 0x0000000786a00000, 0x0000000786a00000| Untracked 
| 107|0x0000000786b00000, 0x0000000786b00000, 0x0000000786c00000|  0%| F|  |TAMS 0x0000000786b00000, 0x0000000786b00000| Untracked 
| 108|0x0000000786c00000, 0x0000000786c00000, 0x0000000786d00000|  0%| F|  |TAMS 0x0000000786c00000, 0x0000000786c00000| Untracked 
| 109|0x0000000786d00000, 0x0000000786d00000, 0x0000000786e00000|  0%| F|  |TAMS 0x0000000786d00000, 0x0000000786d00000| Untracked 
| 110|0x0000000786e00000, 0x0000000786e00000, 0x0000000786f00000|  0%| F|  |TAMS 0x0000000786e00000, 0x0000000786e00000| Untracked 
| 111|0x0000000786f00000, 0x0000000786f00000, 0x0000000787000000|  0%| F|  |TAMS 0x0000000786f00000, 0x0000000786f00000| Untracked 
| 112|0x0000000787000000, 0x0000000787000000, 0x0000000787100000|  0%| F|  |TAMS 0x0000000787000000, 0x0000000787000000| Untracked 
| 113|0x0000000787100000, 0x0000000787100000, 0x0000000787200000|  0%| F|  |TAMS 0x0000000787100000, 0x0000000787100000| Untracked 
| 114|0x0000000787200000, 0x0000000787200000, 0x0000000787300000|  0%| F|  |TAMS 0x0000000787200000, 0x0000000787200000| Untracked 
| 115|0x0000000787300000, 0x00000007873d8520, 0x0000000787400000| 84%| E|  |TAMS 0x0000000787300000, 0x0000000787300000| Complete 
| 116|0x0000000787400000, 0x0000000787500000, 0x0000000787500000|100%| E|CS|TAMS 0x0000000787400000, 0x0000000787400000| Complete 
| 117|0x0000000787500000, 0x0000000787600000, 0x0000000787600000|100%| E|CS|TAMS 0x0000000787500000, 0x0000000787500000| Complete 
| 118|0x0000000787600000, 0x0000000787700000, 0x0000000787700000|100%| E|CS|TAMS 0x0000000787600000, 0x0000000787600000| Complete 
| 119|0x0000000787700000, 0x0000000787800000, 0x0000000787800000|100%| E|CS|TAMS 0x0000000787700000, 0x0000000787700000| Complete 
| 120|0x0000000787800000, 0x0000000787900000, 0x0000000787900000|100%| E|CS|TAMS 0x0000000787800000, 0x0000000787800000| Complete 
| 121|0x0000000787900000, 0x0000000787a00000, 0x0000000787a00000|100%| E|CS|TAMS 0x0000000787900000, 0x0000000787900000| Complete 
| 122|0x0000000787a00000, 0x0000000787b00000, 0x0000000787b00000|100%| E|CS|TAMS 0x0000000787a00000, 0x0000000787a00000| Complete 
| 123|0x0000000787b00000, 0x0000000787c00000, 0x0000000787c00000|100%| E|CS|TAMS 0x0000000787b00000, 0x0000000787b00000| Complete 
| 124|0x0000000787c00000, 0x0000000787d00000, 0x0000000787d00000|100%| E|CS|TAMS 0x0000000787c00000, 0x0000000787c00000| Complete 
| 125|0x0000000787d00000, 0x0000000787e00000, 0x0000000787e00000|100%| E|CS|TAMS 0x0000000787d00000, 0x0000000787d00000| Complete 
| 126|0x0000000787e00000, 0x0000000787f00000, 0x0000000787f00000|100%| E|CS|TAMS 0x0000000787e00000, 0x0000000787e00000| Complete 
| 127|0x0000000787f00000, 0x0000000788000000, 0x0000000788000000|100%| E|CS|TAMS 0x0000000787f00000, 0x0000000787f00000| Complete 

Card table byte_map: [0x00000001053aa000,0x00000001057aa000] _byte_map_base: 0x00000001017aa000

Marking Bits (Prev, Next): (CMBitMap*) 0x00007f9a68024218, (CMBitMap*) 0x00007f9a68024250
 Prev Bits: [0x000000011d42c000, 0x000000011f42c000)
 Next Bits: [0x000000011f42c000, 0x000000012142c000)

Polling page: 0x00000001036ff000

Metaspace:

Usage:
  Non-class:      4.82 MB capacity,     4.70 MB ( 98%) used,   120.80 KB (  2%) free+waste,     1.00 KB ( <1%) overhead. 
      Class:    464.00 KB capacity,   432.34 KB ( 93%) used,    30.97 KB (  7%) free+waste,   704 bytes ( <1%) overhead. 
       Both:      5.27 MB capacity,     5.12 MB ( 97%) used,   151.77 KB (  3%) free+waste,     1.69 KB ( <1%) overhead. 

Virtual space:
  Non-class space:        8.00 MB reserved,       5.00 MB ( 62%) committed 
      Class space:        1.00 GB reserved,     512.00 KB ( <1%) committed 
             Both:        1.01 GB reserved,       5.50 MB ( <1%) committed 

Chunk freelists:
   Non-Class:  1.00 KB
       Class:  2.00 KB
        Both:  3.00 KB

CodeHeap 'non-profiled nmethods': size=120032Kb used=144Kb max_used=144Kb free=119888Kb
 bounds [0x0000000115ef4000, 0x0000000116164000, 0x000000011d42c000]
CodeHeap 'profiled nmethods': size=120032Kb used=810Kb max_used=810Kb free=119221Kb
 bounds [0x000000010e9bc000, 0x000000010ec2c000, 0x0000000115ef4000]
CodeHeap 'non-nmethods': size=5696Kb used=1019Kb max_used=1035Kb free=4676Kb
 bounds [0x000000010e42c000, 0x000000010e69c000, 0x000000010e9bc000]
 total_blobs=719 nmethods=430 adapters=202
 compilation: enabled
              stopped_count=0, restarted_count=0
 full_count=0

Compilation events (10 events):
Event: 0.806 Thread 0x00007f9a67033000 nmethod 429 0x000000010ea83d90 code [0x000000010ea83f60, 0x000000010ea842d8]
Event: 0.806 Thread 0x00007f9a67033000  430       3       java.util.jar.JarFile::getVersionedEntry (85 bytes)
Event: 0.807 Thread 0x00007f9a67033000 nmethod 430 0x000000010ea84410 code [0x000000010ea84700, 0x000000010ea857c8]
Event: 0.810 Thread 0x00007f9a6601b800 nmethod 426 0x0000000115f17090 code [0x0000000115f17220, 0x0000000115f175f8]
Event: 0.810 Thread 0x00007f9a6601b800  431       4       java.util.zip.ZipCoder$UTF8::getBytes (10 bytes)
Event: 0.811 Thread 0x00007f9a67033000  432       3       java.lang.String::substring (68 bytes)
Event: 0.812 Thread 0x00007f9a67033000 nmethod 432 0x000000010ea85d90 code [0x000000010ea85fc0, 0x000000010ea86778]
Event: 0.812 Thread 0x00007f9a67033000  433       1       jdk.internal.loader.URLClassPath$Loader::getBaseURL (5 bytes)
Event: 0.812 Thread 0x00007f9a67033000 nmethod 433 0x0000000115f17790 code [0x0000000115f17920, 0x0000000115f17a30]
Event: 0.813 Thread 0x00007f9a6601b800 nmethod 431 0x0000000115f17a90 code [0x0000000115f17c20, 0x0000000115f17e78]

GC Heap History (0 events):
No events

Deoptimization events (5 events):
Event: 0.237 Thread 0x00007f9a67018800 Uncommon trap: reason=unstable_if action=reinterpret pc=0x0000000115ef9598 method=java.lang.String.hashCode()I @ 14 c2
Event: 0.247 Thread 0x00007f9a67018800 Uncommon trap: reason=unstable_if action=reinterpret pc=0x0000000115ef6f2c method=java.lang.StringLatin1.indexOf([BII)I @ 47 c2
Event: 0.456 Thread 0x00007f9a67018800 Uncommon trap: reason=unstable_if action=reinterpret pc=0x0000000115efdfc0 method=java.lang.Integer.valueOf(I)Ljava/lang/Integer; @ 10 c2
Event: 0.456 Thread 0x00007f9a67018800 Uncommon trap: reason=unstable_if action=reinterpret pc=0x0000000115f02a5c method=java.lang.StringLatin1.toUpperCase(Ljava/lang/String;[BLjava/util/Locale;)Ljava/lang/String; @ 21 c2
Event: 0.489 Thread 0x00007f9a67018800 Uncommon trap: reason=unstable_if action=reinterpret pc=0x0000000115efd7a8 method=java.util.zip.ZipFile$Source.isMetaName([BII)Z @ 43 c2

Classes redefined (0 events):
No events

Internal exceptions (0 events):
No events

Events (10 events):
Event: 0.810 loading class java/io/IOException
Event: 0.810 loading class java/io/IOException done
Event: 0.810 loading class org/objectweb/asm/ClassReader
Event: 0.810 loading class org/objectweb/asm/ClassReader done
Event: 0.814 loading class java/io/PrintWriter
Event: 0.815 loading class java/io/PrintWriter done
Event: 0.815 loading class java/lang/PublicMethods$Key
Event: 0.815 loading class java/lang/PublicMethods$Key done
Event: 0.815 loading class java/lang/Class$EnclosingMethodInfo
Event: 0.815 loading class java/lang/Class$EnclosingMethodInfo done


Dynamic libraries:
0x00007fff33a56000 	/System/Library/Frameworks/Cocoa.framework/Versions/A/Cocoa
0x00007fff4124f000 	/System/Library/Frameworks/Security.framework/Versions/A/Security
0x00007fff329bb000 	/System/Library/Frameworks/ApplicationServices.framework/Versions/A/ApplicationServices
0x00007fff6df53000 	/usr/lib/libz.1.dylib
0x0000000103693000 	/Library/Java/JavaVirtualMachines/jdk-11.0.9.jdk/Contents/Home/lib/jli/libjli.dylib
0x00007fff6ba17000 	/usr/lib/libSystem.B.dylib
0x00007fff31bab000 	/System/Library/Frameworks/AppKit.framework/Versions/C/AppKit
0x00007fff343da000 	/System/Library/Frameworks/CoreData.framework/Versions/A/CoreData
0x00007fff36fb5000 	/System/Library/Frameworks/Foundation.framework/Versions/C/Foundation
0x00007fff65a2c000 	/System/Library/PrivateFrameworks/UIFoundation.framework/Versions/A/UIFoundation
0x00007fff60ac0000 	/System/Library/PrivateFrameworks/RemoteViewServices.framework/Versions/A/RemoteViewServices
0x00007fff68587000 	/System/Library/PrivateFrameworks/XCTTargetBootstrap.framework/Versions/A/XCTTargetBootstrap
0x00007fff347c5000 	/System/Library/Frameworks/CoreDisplay.framework/Versions/A/CoreDisplay
0x00007fff39e70000 	/System/Library/Frameworks/Metal.framework/Versions/A/Metal
0x00007fff4ea6b000 	/System/Library/PrivateFrameworks/DesktopServicesPriv.framework/Versions/A/DesktopServicesPriv
0x00007fff6cb52000 	/usr/lib/liblangid.dylib
0x00007fff4dd00000 	/System/Library/PrivateFrameworks/CoreSVG.framework/Versions/A/CoreSVG
0x00007fff63c1c000 	/System/Library/PrivateFrameworks/SkyLight.framework/Versions/A/SkyLight
0x00007fff34d79000 	/System/Library/Frameworks/CoreGraphics.framework/Versions/A/CoreGraphics
0x00007fff3057f000 	/System/Library/Frameworks/Accelerate.framework/Versions/A/Accelerate
0x00007fff6de44000 	/usr/lib/libxml2.2.dylib
0x00007fff59a09000 	/System/Library/PrivateFrameworks/IconServices.framework/Versions/A/IconServices
0x00007fff37794000 	/System/Library/Frameworks/IOSurface.framework/Versions/A/IOSurface
0x00007fff6b541000 	/usr/lib/libDiagnosticMessagesClient.dylib
0x00007fff4e8c5000 	/System/Library/PrivateFrameworks/DFRFoundation.framework/Versions/A/DFRFoundation
0x00007fff6c8e1000 	/usr/lib/libicucore.A.dylib
0x00007fff32ced000 	/System/Library/Frameworks/AudioToolbox.framework/Versions/A/AudioToolbox
0x00007fff32dd0000 	/System/Library/Frameworks/AudioUnit.framework/Versions/A/AudioUnit
0x00007fff6bc19000 	/usr/lib/libauto.dylib
0x00007fff4e967000 	/System/Library/PrivateFrameworks/DataDetectorsCore.framework/Versions/A/DataDetectorsCore
0x00007fff33577000 	/System/Library/Frameworks/Carbon.framework/Versions/A/Frameworks/HIToolbox.framework/Versions/A/HIToolbox
0x00007fff40449000 	/System/Library/Frameworks/QuartzCore.framework/Versions/A/QuartzCore
0x00007fff338b6000 	/System/Library/Frameworks/Carbon.framework/Versions/A/Frameworks/SpeechRecognition.framework/Versions/A/SpeechRecognition
0x00007fff4e3d9000 	/System/Library/PrivateFrameworks/CoreUI.framework/Versions/A/CoreUI
0x00007fff33e45000 	/System/Library/Frameworks/CoreAudio.framework/Versions/A/CoreAudio
0x00007fff36c74000 	/System/Library/Frameworks/DiskArbitration.framework/Versions/A/DiskArbitration
0x00007fff5ba9b000 	/System/Library/PrivateFrameworks/MultitouchSupport.framework/Versions/A/MultitouchSupport
0x00007fff6c7a8000 	/usr/lib/libenergytrace.dylib
0x00007fff376ee000 	/System/Library/Frameworks/IOKit.framework/Versions/A/IOKit
0x00007fff35ce0000 	/System/Library/Frameworks/CoreServices.framework/Versions/A/CoreServices
0x00007fff5dc53000 	/System/Library/PrivateFrameworks/PerformanceAnalysis.framework/Versions/A/PerformanceAnalysis
0x00007fff3f47c000 	/System/Library/Frameworks/OpenGL.framework/Versions/A/OpenGL
0x00007fff6d877000 	/usr/lib/libobjc.A.dylib
0x00007fff33a64000 	/System/Library/Frameworks/ColorSync.framework/Versions/A/ColorSync
0x00007fff348f8000 	/System/Library/Frameworks/CoreFoundation.framework/Versions/A/CoreFoundation
0x00007fff353fc000 	/System/Library/Frameworks/CoreImage.framework/Versions/A/CoreImage
0x00007fff36753000 	/System/Library/Frameworks/CoreText.framework/Versions/A/CoreText
0x00007fff37824000 	/System/Library/Frameworks/ImageIO.framework/Versions/A/ImageIO
0x00007fff6bcfd000 	/usr/lib/libc++.1.dylib
0x00007fff6bd79000 	/usr/lib/libcompression.dylib
0x00007fff6b885000 	/usr/lib/libMobileGestalt.dylib
0x00007fff65796000 	/System/Library/PrivateFrameworks/TextureIO.framework/Versions/A/TextureIO
0x00007fff6bb7c000 	/usr/lib/libate.dylib
0x00007fff59c12000 	/System/Library/PrivateFrameworks/InternationalSupport.framework/Versions/A/InternationalSupport
0x00007fff6e814000 	/usr/lib/system/libcache.dylib
0x00007fff6e81a000 	/usr/lib/system/libcommonCrypto.dylib
0x00007fff6e826000 	/usr/lib/system/libcompiler_rt.dylib
0x00007fff6e82e000 	/usr/lib/system/libcopyfile.dylib
0x00007fff6e838000 	/usr/lib/system/libcorecrypto.dylib
0x00007fff6e9d7000 	/usr/lib/system/libdispatch.dylib
0x00007fff6ea18000 	/usr/lib/system/libdyld.dylib
0x00007fff6ea4f000 	/usr/lib/system/libkeymgr.dylib
0x00007fff6ea5d000 	/usr/lib/system/liblaunch.dylib
0x00007fff6ea5e000 	/usr/lib/system/libmacho.dylib
0x00007fff6ea64000 	/usr/lib/system/libquarantine.dylib
0x00007fff6ea67000 	/usr/lib/system/libremovefile.dylib
0x00007fff6ea69000 	/usr/lib/system/libsystem_asl.dylib
0x00007fff6ea81000 	/usr/lib/system/libsystem_blocks.dylib
0x00007fff6ea82000 	/usr/lib/system/libsystem_c.dylib
0x00007fff6eb0a000 	/usr/lib/system/libsystem_configuration.dylib
0x00007fff6eb0e000 	/usr/lib/system/libsystem_coreservices.dylib
0x00007fff6eb12000 	/usr/lib/system/libsystem_darwin.dylib
0x00007fff6eb1b000 	/usr/lib/system/libsystem_dnssd.dylib
0x00007fff6eb23000 	/usr/lib/system/libsystem_featureflags.dylib
0x00007fff6eb25000 	/usr/lib/system/libsystem_info.dylib
0x00007fff6eba0000 	/usr/lib/system/libsystem_m.dylib
0x00007fff6ebe8000 	/usr/lib/system/libsystem_malloc.dylib
0x00007fff6ec10000 	/usr/lib/system/libsystem_networkextension.dylib
0x00007fff6ec1e000 	/usr/lib/system/libsystem_notify.dylib
0x00007fff6ec3c000 	/usr/lib/system/libsystem_sandbox.dylib
0x00007fff6ec41000 	/usr/lib/system/libsystem_secinit.dylib
0x00007fff6eb73000 	/usr/lib/system/libsystem_kernel.dylib
0x00007fff6ec28000 	/usr/lib/system/libsystem_platform.dylib
0x00007fff6ec31000 	/usr/lib/system/libsystem_pthread.dylib
0x00007fff6ec44000 	/usr/lib/system/libsystem_symptoms.dylib
0x00007fff6ec4c000 	/usr/lib/system/libsystem_trace.dylib
0x00007fff6ec64000 	/usr/lib/system/libunwind.dylib
0x00007fff6ec6a000 	/usr/lib/system/libxpc.dylib
0x00007fff6bd50000 	/usr/lib/libc++abi.dylib
0x00007fff6cb54000 	/usr/lib/liblzma.5.dylib
0x00007fff6c7cf000 	/usr/lib/libfakelink.dylib
0x00007fff6bb09000 	/usr/lib/libarchive.2.dylib
0x00007fff42300000 	/System/Library/Frameworks/SystemConfiguration.framework/Versions/A/SystemConfiguration
0x00007fff6b474000 	/usr/lib/libCRFSuite.dylib
0x00007fff33167000 	/System/Library/Frameworks/CFNetwork.framework/Versions/A/CFNetwork
0x00007fff6bcdf000 	/usr/lib/libbsm.0.dylib
0x00007fff6ea50000 	/usr/lib/system/libkxld.dylib
0x00007fff48242000 	/System/Library/PrivateFrameworks/AppleFSCompression.framework/Versions/A/AppleFSCompression
0x00007fff6c06a000 	/usr/lib/libcoretls.dylib
0x00007fff6c081000 	/usr/lib/libcoretls_cfhelpers.dylib
0x00007fff6d8bd000 	/usr/lib/libpam.2.dylib
0x00007fff6d9f2000 	/usr/lib/libsqlite3.dylib
0x00007fff6de31000 	/usr/lib/libxar.1.dylib
0x00007fff6bcf0000 	/usr/lib/libbz2.1.0.dylib
0x00007fff6c7f0000 	/usr/lib/libiconv.2.dylib
0x00007fff6bd66000 	/usr/lib/libcharset.1.dylib
0x00007fff6d35a000 	/usr/lib/libnetwork.dylib
0x00007fff6d8c4000 	/usr/lib/libpcap.A.dylib
0x00007fff6babe000 	/usr/lib/libapple_nghttp2.dylib
0x00007fff36097000 	/System/Library/Frameworks/CoreServices.framework/Versions/A/Frameworks/FSEvents.framework/Versions/A/FSEvents
0x00007fff35d67000 	/System/Library/Frameworks/CoreServices.framework/Versions/A/Frameworks/CarbonCore.framework/Versions/A/CarbonCore
0x00007fff362db000 	/System/Library/Frameworks/CoreServices.framework/Versions/A/Frameworks/Metadata.framework/Versions/A/Metadata
0x00007fff36374000 	/System/Library/Frameworks/CoreServices.framework/Versions/A/Frameworks/OSServices.framework/Versions/A/OSServices
0x00007fff363a2000 	/System/Library/Frameworks/CoreServices.framework/Versions/A/Frameworks/SearchKit.framework/Versions/A/SearchKit
0x00007fff35ce1000 	/System/Library/Frameworks/CoreServices.framework/Versions/A/Frameworks/AE.framework/Versions/A/AE
0x00007fff360a0000 	/System/Library/Frameworks/CoreServices.framework/Versions/A/Frameworks/LaunchServices.framework/Versions/A/LaunchServices
0x00007fff36049000 	/System/Library/Frameworks/CoreServices.framework/Versions/A/Frameworks/DictionaryServices.framework/Versions/A/DictionaryServices
0x00007fff3640a000 	/System/Library/Frameworks/CoreServices.framework/Versions/A/Frameworks/SharedFileList.framework/Versions/A/SharedFileList
0x00007fff3b29b000 	/System/Library/Frameworks/NetFS.framework/Versions/A/NetFS
0x00007fff5bfcb000 	/System/Library/PrivateFrameworks/NetAuth.framework/Versions/A/NetAuth
0x00007fff68954000 	/System/Library/PrivateFrameworks/login.framework/Versions/A/Frameworks/loginsupport.framework/Versions/A/loginsupport
0x00007fff65261000 	/System/Library/PrivateFrameworks/TCC.framework/Versions/A/TCC
0x00007fff4ce73000 	/System/Library/PrivateFrameworks/CoreNLP.framework/Versions/A/CoreNLP
0x00007fff5b486000 	/System/Library/PrivateFrameworks/MetadataUtilities.framework/Versions/A/MetadataUtilities
0x00007fff6cc2c000 	/usr/lib/libmecabra.dylib
0x00007fff6cb84000 	/usr/lib/libmecab.dylib
0x00007fff6c7e0000 	/usr/lib/libgermantok.dylib
0x00007fff6baa5000 	/usr/lib/libThaiTokenizer.dylib
0x00007fff6b4ab000 	/usr/lib/libChineseTokenizer.dylib
0x00007fff30597000 	/System/Library/Frameworks/Accelerate.framework/Versions/A/Frameworks/vImage.framework/Versions/A/vImage
0x00007fff31a01000 	/System/Library/Frameworks/Accelerate.framework/Versions/A/Frameworks/vecLib.framework/Versions/A/vecLib
0x00007fff3193e000 	/System/Library/Frameworks/Accelerate.framework/Versions/A/Frameworks/vecLib.framework/Versions/A/libvMisc.dylib
0x00007fff31766000 	/System/Library/Frameworks/Accelerate.framework/Versions/A/Frameworks/vecLib.framework/Versions/A/libvDSP.dylib
0x00007fff30bee000 	/System/Library/Frameworks/Accelerate.framework/Versions/A/Frameworks/vecLib.framework/Versions/A/libBLAS.dylib
0x00007fff3132a000 	/System/Library/Frameworks/Accelerate.framework/Versions/A/Frameworks/vecLib.framework/Versions/A/libLAPACK.dylib
0x00007fff316c6000 	/System/Library/Frameworks/Accelerate.framework/Versions/A/Frameworks/vecLib.framework/Versions/A/libLinearAlgebra.dylib
0x00007fff31753000 	/System/Library/Frameworks/Accelerate.framework/Versions/A/Frameworks/vecLib.framework/Versions/A/libSparseBLAS.dylib
0x00007fff316dc000 	/System/Library/Frameworks/Accelerate.framework/Versions/A/Frameworks/vecLib.framework/Versions/A/libQuadrature.dylib
0x00007fff30e56000 	/System/Library/Frameworks/Accelerate.framework/Versions/A/Frameworks/vecLib.framework/Versions/A/libBNNS.dylib
0x00007fff316e2000 	/System/Library/Frameworks/Accelerate.framework/Versions/A/Frameworks/vecLib.framework/Versions/A/libSparse.dylib
0x00007fff59ffa000 	/System/Library/PrivateFrameworks/LanguageModeling.framework/Versions/A/LanguageModeling
0x00007fff4c823000 	/System/Library/PrivateFrameworks/CoreEmoji.framework/Versions/A/CoreEmoji
0x00007fff5a118000 	/System/Library/PrivateFrameworks/LinguisticData.framework/Versions/A/LinguisticData
0x00007fff5a0c9000 	/System/Library/PrivateFrameworks/Lexicon.framework/Versions/A/Lexicon
0x00007fff6bd67000 	/usr/lib/libcmph.dylib
0x00007fff3de8a000 	/System/Library/Frameworks/OpenDirectory.framework/Versions/A/Frameworks/CFOpenDirectory.framework/Versions/A/CFOpenDirectory
0x00007fff3dea7000 	/System/Library/Frameworks/OpenDirectory.framework/Versions/A/OpenDirectory
0x00007fff462ea000 	/System/Library/PrivateFrameworks/APFS.framework/Versions/A/APFS
0x00007fff41599000 	/System/Library/Frameworks/SecurityFoundation.framework/Versions/A/SecurityFoundation
0x00007fff6de2d000 	/usr/lib/libutil.dylib
0x00007fff4dd58000 	/System/Library/PrivateFrameworks/CoreServicesStore.framework/Versions/A/CoreServicesStore
0x00007fff41650000 	/System/Library/Frameworks/ServiceManagement.framework/Versions/A/ServiceManagement
0x00007fff49a12000 	/System/Library/PrivateFrameworks/BackgroundTaskManagement.framework/Versions/A/BackgroundTaskManagement
0x00007fff6df2a000 	/usr/lib/libxslt.1.dylib
0x00007fff488b5000 	/System/Library/PrivateFrameworks/AppleSystemInfo.framework/Versions/A/AppleSystemInfo
0x00007fff37a3f000 	/System/Library/Frameworks/ImageIO.framework/Versions/A/Resources/libJPEG.dylib
0x00007fff37cfe000 	/System/Library/Frameworks/ImageIO.framework/Versions/A/Resources/libTIFF.dylib
0x00007fff37ce1000 	/System/Library/Frameworks/ImageIO.framework/Versions/A/Resources/libPng.dylib
0x00007fff37981000 	/System/Library/Frameworks/ImageIO.framework/Versions/A/Resources/libGIF.dylib
0x00007fff37985000 	/System/Library/Frameworks/ImageIO.framework/Versions/A/Resources/libJP2.dylib
0x00007fff37cfc000 	/System/Library/Frameworks/ImageIO.framework/Versions/A/Resources/libRadiance.dylib
0x00007fff6c7a9000 	/usr/lib/libexpat.1.dylib
0x00007fff4839d000 	/System/Library/PrivateFrameworks/AppleJPEG.framework/Versions/A/AppleJPEG
0x00007fff5106e000 	/System/Library/PrivateFrameworks/FontServices.framework/libFontParser.dylib
0x00007fff67956000 	/System/Library/PrivateFrameworks/WatchdogClient.framework/Versions/A/WatchdogClient
0x00007fff59655000 	/System/Library/PrivateFrameworks/IOAccelerator.framework/Versions/A/IOAccelerator
0x00007fff3a20b000 	/System/Library/Frameworks/MetalPerformanceShaders.framework/Versions/A/MetalPerformanceShaders
0x00007fff55deb000 	/System/Library/PrivateFrameworks/GPUWrangler.framework/Versions/A/GPUWrangler
0x00007fff5966a000 	/System/Library/PrivateFrameworks/IOPresentment.framework/Versions/A/IOPresentment
0x00007fff4e8d8000 	/System/Library/PrivateFrameworks/DSExternalDisplay.framework/Versions/A/DSExternalDisplay
0x00007fff3e81b000 	/System/Library/Frameworks/OpenGL.framework/Versions/A/Libraries/libCoreFSCache.dylib
0x00007fff39f57000 	/System/Library/Frameworks/MetalPerformanceShaders.framework/Frameworks/MPSCore.framework/Versions/A/MPSCore
0x00007fff39f95000 	/System/Library/Frameworks/MetalPerformanceShaders.framework/Frameworks/MPSImage.framework/Versions/A/MPSImage
0x00007fff3a05c000 	/System/Library/Frameworks/MetalPerformanceShaders.framework/Frameworks/MPSNeuralNetwork.framework/Versions/A/MPSNeuralNetwork
0x00007fff3a020000 	/System/Library/Frameworks/MetalPerformanceShaders.framework/Frameworks/MPSMatrix.framework/Versions/A/MPSMatrix
0x00007fff3a1bb000 	/System/Library/Frameworks/MetalPerformanceShaders.framework/Frameworks/MPSRayIntersector.framework/Versions/A/MPSRayIntersector
0x00007fff3a046000 	/System/Library/Frameworks/MetalPerformanceShaders.framework/Frameworks/MPSNDArray.framework/Versions/A/MPSNDArray
0x00007fff5b4d3000 	/System/Library/PrivateFrameworks/MetalTools.framework/Versions/A/MetalTools
0x00007fff474c4000 	/System/Library/PrivateFrameworks/AggregateDictionary.framework/Versions/A/AggregateDictionary
0x00007fff4c26b000 	/System/Library/PrivateFrameworks/CoreAnalytics.framework/Versions/A/CoreAnalytics
0x00007fff487d4000 	/System/Library/PrivateFrameworks/AppleSauce.framework/Versions/A/AppleSauce
0x00007fff6b767000 	/usr/lib/libIOReport.dylib
0x00007fff3690b000 	/System/Library/Frameworks/CoreVideo.framework/Versions/A/CoreVideo
0x00007fff57264000 	/System/Library/PrivateFrameworks/GraphVisualizer.framework/Versions/A/GraphVisualizer
0x00007fff505b4000 	/System/Library/PrivateFrameworks/FaceCore.framework/Versions/A/FaceCore
0x00007fff3de31000 	/System/Library/Frameworks/OpenCL.framework/Versions/A/OpenCL
0x00007fff6b589000 	/usr/lib/libFosl_dynamic.dylib
0x00007fff5c9eb000 	/System/Library/PrivateFrameworks/OTSVG.framework/Versions/A/OTSVG
0x00007fff32ac0000 	/System/Library/Frameworks/ApplicationServices.framework/Versions/A/Frameworks/ATS.framework/Versions/A/Resources/libFontRegistry.dylib
0x00007fff5123f000 	/System/Library/PrivateFrameworks/FontServices.framework/libhvf.dylib
0x00007fff3e826000 	/System/Library/Frameworks/OpenGL.framework/Versions/A/Libraries/libGFXShared.dylib
0x00007fff3ea04000 	/System/Library/Frameworks/OpenGL.framework/Versions/A/Libraries/libGLU.dylib
0x00007fff3e82f000 	/System/Library/Frameworks/OpenGL.framework/Versions/A/Libraries/libGL.dylib
0x00007fff3e83a000 	/System/Library/Frameworks/OpenGL.framework/Versions/A/Libraries/libGLImage.dylib
0x00007fff3e818000 	/System/Library/Frameworks/OpenGL.framework/Versions/A/Libraries/libCVMSPluginSupport.dylib
0x00007fff3e821000 	/System/Library/Frameworks/OpenGL.framework/Versions/A/Libraries/libCoreVMClient.dylib
0x00007fff6d1fb000 	/usr/lib/libncurses.5.4.dylib
0x00007fff329bc000 	/System/Library/Frameworks/ApplicationServices.framework/Versions/A/Frameworks/ATS.framework/Versions/A/ATS
0x00007fff32b89000 	/System/Library/Frameworks/ApplicationServices.framework/Versions/A/Frameworks/ColorSyncLegacy.framework/Versions/A/ColorSyncLegacy
0x00007fff32c27000 	/System/Library/Frameworks/ApplicationServices.framework/Versions/A/Frameworks/HIServices.framework/Versions/A/HIServices
0x00007fff32c7f000 	/System/Library/Frameworks/ApplicationServices.framework/Versions/A/Frameworks/LangAnalysis.framework/Versions/A/LangAnalysis
0x00007fff32c8e000 	/System/Library/Frameworks/ApplicationServices.framework/Versions/A/Frameworks/PrintCore.framework/Versions/A/PrintCore
0x00007fff32cd4000 	/System/Library/Frameworks/ApplicationServices.framework/Versions/A/Frameworks/QD.framework/Versions/A/QD
0x00007fff32cdf000 	/System/Library/Frameworks/ApplicationServices.framework/Versions/A/Frameworks/SpeechSynthesis.framework/Versions/A/SpeechSynthesis
0x00007fff32b59000 	/System/Library/Frameworks/ApplicationServices.framework/Versions/A/Frameworks/ATSUI.framework/Versions/A/ATSUI
0x00007fff6c63f000 	/usr/lib/libcups.2.dylib
0x00007fff392a6000 	/System/Library/Frameworks/Kerberos.framework/Versions/A/Kerberos
0x00007fff373e7000 	/System/Library/Frameworks/GSS.framework/Versions/A/GSS
0x00007fff6d97e000 	/usr/lib/libresolv.9.dylib
0x00007fff57411000 	/System/Library/PrivateFrameworks/Heimdal.framework/Versions/A/Heimdal
0x00007fff392b9000 	/System/Library/Frameworks/Kerberos.framework/Versions/A/Libraries/libHeimdalProxy.dylib
0x00007fff6c7e6000 	/usr/lib/libheimdal-asn1.dylib
0x00007fff4b703000 	/System/Library/PrivateFrameworks/CommonAuth.framework/Versions/A/CommonAuth
0x00007fff48952000 	/System/Library/PrivateFrameworks/AssertionServices.framework/Versions/A/AssertionServices
0x00007fff494f5000 	/System/Library/PrivateFrameworks/AudioToolboxCore.framework/Versions/A/AudioToolboxCore
0x00007fff68604000 	/System/Library/PrivateFrameworks/caulk.framework/Versions/A/caulk
0x00007fff49abe000 	/System/Library/PrivateFrameworks/BaseBoard.framework/Versions/A/BaseBoard
0x00007fff60c4e000 	/System/Library/PrivateFrameworks/RunningBoardServices.framework/Versions/A/RunningBoardServices
0x00007fff5dc5f000 	/System/Library/PrivateFrameworks/PersistentConnection.framework/Versions/A/PersistentConnection
0x00007fff60647000 	/System/Library/PrivateFrameworks/ProtocolBuffer.framework/Versions/A/ProtocolBuffer
0x00007fff4b727000 	/System/Library/PrivateFrameworks/CommonUtilities.framework/Versions/A/CommonUtilities
0x00007fff49c4c000 	/System/Library/PrivateFrameworks/Bom.framework/Versions/A/Bom
0x00007fff6b43a000 	/usr/lib/libAudioToolboxUtility.dylib
0x00007fff49a1c000 	/System/Library/PrivateFrameworks/Backup.framework/Versions/A/Backup
0x00007fff4e7f9000 	/System/Library/PrivateFrameworks/CrashReporterSupport.framework/Versions/A/CrashReporterSupport
0x00007fff626e0000 	/System/Library/PrivateFrameworks/Sharing.framework/Versions/A/Sharing
0x00007fff47f60000 	/System/Library/PrivateFrameworks/Apple80211.framework/Versions/A/Apple80211
0x00007fff49739000 	/System/Library/PrivateFrameworks/AuthKit.framework/Versions/A/AuthKit
0x00007fff4e506000 	/System/Library/PrivateFrameworks/CoreUtils.framework/Versions/A/CoreUtils
0x00007fff36950000 	/System/Library/Frameworks/CoreWLAN.framework/Versions/A/CoreWLAN
0x00007fff37574000 	/System/Library/Frameworks/IOBluetooth.framework/Versions/A/IOBluetooth
0x00007fff5b81a000 	/System/Library/PrivateFrameworks/MobileKeyBag.framework/Versions/A/MobileKeyBag
0x00007fff4d30b000 	/System/Library/PrivateFrameworks/CorePhoneNumbers.framework/Versions/A/CorePhoneNumbers
0x00007fff48350000 	/System/Library/PrivateFrameworks/AppleIDAuthSupport.framework/Versions/A/AppleIDAuthSupport
0x00007fff3b2a8000 	/System/Library/Frameworks/Network.framework/Versions/A/Network
0x00007fff59ea6000 	/System/Library/PrivateFrameworks/KeychainCircle.framework/Versions/A/KeychainCircle
0x00007fff343a1000 	/System/Library/Frameworks/CoreBluetooth.framework/Versions/A/CoreBluetooth
0x00007fff6475f000 	/System/Library/PrivateFrameworks/SpeechRecognitionCore.framework/Versions/A/SpeechRecognitionCore
0x0000000104000000 	/Library/Java/JavaVirtualMachines/jdk-11.0.9.jdk/Contents/Home/lib/server/libjvm.dylib
0x00000001036b6000 	/Library/Java/JavaVirtualMachines/jdk-11.0.9.jdk/Contents/Home/lib/libverify.dylib
0x00000001036c6000 	/Library/Java/JavaVirtualMachines/jdk-11.0.9.jdk/Contents/Home/lib/libjava.dylib
0x00000001036f3000 	/Library/Java/JavaVirtualMachines/jdk-11.0.9.jdk/Contents/Home/lib/libjimage.dylib
0x0000000103749000 	/Library/Java/JavaVirtualMachines/jdk-11.0.9.jdk/Contents/Home/lib/libzip.dylib
0x00000001037b5000 	/Library/Java/JavaVirtualMachines/jdk-11.0.9.jdk/Contents/Home/lib/libnio.dylib
0x00000001037c7000 	/Library/Java/JavaVirtualMachines/jdk-11.0.9.jdk/Contents/Home/lib/libnet.dylib


VM Arguments:
jvm_args: -Dfile.encoding=UTF-8 
java_command: org.objectweb.asm.util.CheckClassAdapter$1
java_class_path (initial): /Users/joaoantoniodahora/NetBeansProjects/cep-service/target/test-classes:/Users/joaoantoniodahora/NetBeansProjects/cep-service/target/classes:/Users/joaoantoniodahora/.m2/repository/io/quarkus/quarkus-rest-client/2.4.0.Final/quarkus-rest-client-2.4.0.Final.jar:/Users/joaoantoniodahora/.m2/repository/io/quarkus/quarkus-core/2.4.0.Final/quarkus-core-2.4.0.Final.jar:/Users/joaoantoniodahora/.m2/repository/jakarta/annotation/jakarta.annotation-api/1.3.5/jakarta.annotation-api-1.3.5.jar:/Users/joaoantoniodahora/.m2/repository/jakarta/enterprise/jakarta.enterprise.cdi-api/2.0.2/jakarta.enterprise.cdi-api-2.0.2.jar:/Users/joaoantoniodahora/.m2/repository/jakarta/el/jakarta.el-api/3.0.3/jakarta.el-api-3.0.3.jar:/Users/joaoantoniodahora/.m2/repository/jakarta/inject/jakarta.inject-api/1.0/jakarta.inject-api-1.0.jar:/Users/joaoantoniodahora/.m2/repository/io/quarkus/quarkus-ide-launcher/2.4.0.Final/quarkus-ide-launcher-2.4.0.Final.jar:/Users/joaoantoniodahora/.m2/repository/io/quarkus/quarkus-development-mode-spi/2.4.0.Final/quarkus-development-mode-spi-2.4.0.Final.jar:/Users/joaoantoniodahora/.m2/repository/io/smallrye/config/smallrye-config/2.5.1/smallrye-config-2.5.1.jar:/Users/joaoantoniodahora/.m2/repository/io/smallrye/config/smallrye-config-core/2.5.1/smallrye-config-core-2.5.1.jar:/Users/joaoantoniodahora/.m2/repository/org/eclipse/microprofile/config/microprofile-config-api/2.0/microprofile-config-api-2.0.jar:/Users/joaoantoniodahora/.m2/repository/io/smallrye/common/smallrye-common-expression/1.6.0/smallrye-common-expression-1.6.0.jar:/Users/joaoantoniodahora/.m2/repository/io/smallrye/common/smallrye-common-function/1.6.0/smallrye-common-function-1.6.0.jar:/Users/joaoantoniodahora/.m2/repository/io/smallrye/common/smallrye-common-constraint/1.6.0/smallrye-common-constraint-1.6.0.jar:/Users/joaoantoniodahora/.m2/repository/io/smallrye/common/smallrye-common-classloader/1.6.0/smallrye-common-classloader-1.6.0.jar:/Users/joaoantoniodahora
Launcher Type: SUN_STANDARD

[Global flags]
     intx CICompilerCount                          = 3                                         {product} {ergonomic}
     uint ConcGCThreads                            = 1                                         {product} {ergonomic}
     uint G1ConcRefinementThreads                  = 4                                         {product} {ergonomic}
   size_t G1HeapRegionSize                         = 1048576                                   {product} {ergonomic}
    uintx GCDrainStackTargetSize                   = 64                                        {product} {ergonomic}
   size_t InitialHeapSize                          = 134217728                                 {product} {ergonomic}
   size_t MarkStackSize                            = 4194304                                   {product} {ergonomic}
   size_t MaxHeapSize                              = 2147483648                                {product} {ergonomic}
   size_t MaxNewSize                               = 1287651328                                {product} {ergonomic}
   size_t MinHeapDeltaBytes                        = 1048576                                   {product} {ergonomic}
    uintx NonNMethodCodeHeapSize                   = 5830732                                {pd product} {ergonomic}
    uintx NonProfiledCodeHeapSize                  = 122913754                              {pd product} {ergonomic}
    uintx ProfiledCodeHeapSize                     = 122913754                              {pd product} {ergonomic}
    uintx ReservedCodeCacheSize                    = 251658240                              {pd product} {ergonomic}
     bool SegmentedCodeCache                       = true                                      {product} {ergonomic}
     bool UseCompressedClassPointers               = true                                 {lp64_product} {ergonomic}
     bool UseCompressedOops                        = true                                 {lp64_product} {ergonomic}
     bool UseG1GC                                  = true                                      {product} {ergonomic}

Logging:
Log output configuration:
 #0: stdout all=warning uptime,level,tags
 #1: stderr all=off uptime,level,tags

Environment Variables:
PATH=/usr/bin:/bin:/usr/sbin:/sbin
SHELL=/bin/zsh

Signal Handlers:
SIGSEGV: [libjvm.dylib+0x794d6c], sa_mask[0]=11111111011111110111111111111111, sa_flags=SA_ONSTACK|SA_RESTART|SA_SIGINFO
SIGBUS: [libjvm.dylib+0x794d6c], sa_mask[0]=11111111011111110111111111111111, sa_flags=SA_RESTART|SA_SIGINFO
SIGFPE: [libjvm.dylib+0x794d6c], sa_mask[0]=11111111011111110111111111111111, sa_flags=SA_RESTART|SA_SIGINFO
SIGPIPE: [libjvm.dylib+0x6457fb], sa_mask[0]=11111111011111110111111111111111, sa_flags=SA_RESTART|SA_SIGINFO
SIGXFSZ: [libjvm.dylib+0x6457fb], sa_mask[0]=11111111011111110111111111111111, sa_flags=SA_RESTART|SA_SIGINFO
SIGILL: [libjvm.dylib+0x794d6c], sa_mask[0]=11111111011111110111111111111111, sa_flags=SA_RESTART|SA_SIGINFO
SIGUSR2: [libjvm.dylib+0x645de5], sa_mask[0]=00100000000000000000000000000000, sa_flags=SA_RESTART|SA_SIGINFO
SIGHUP: [libjvm.dylib+0x644843], sa_mask[0]=11111111011111110111111111111111, sa_flags=SA_RESTART|SA_SIGINFO
SIGINT: [libjvm.dylib+0x644843], sa_mask[0]=11111111011111110111111111111111, sa_flags=SA_RESTART|SA_SIGINFO
SIGTERM: [libjvm.dylib+0x644843], sa_mask[0]=11111111011111110111111111111111, sa_flags=SA_RESTART|SA_SIGINFO
SIGQUIT: [libjvm.dylib+0x644843], sa_mask[0]=11111111011111110111111111111111, sa_flags=SA_RESTART|SA_SIGINFO


---------------  S Y S T E M  ---------------

OS:uname:Darwin 19.6.0 Darwin Kernel Version 19.6.0: Thu Oct 29 22:56:45 PDT 2020; root:xnu-6153.141.2.2~1/RELEASE_X86_64 x86_64
rlimit: STACK 8192k, CORE 0k, NPROC 1392, NOFILE 10240, AS infinity, DATA infinity, FSIZE infinity
load average:2.83 2.97 2.75

CPU:total 4 (initial active 4) (2 cores per cpu, 2 threads per core) family 6 model 61 stepping 4, cmov, cx8, fxsr, mmx, sse, sse2, sse3, ssse3, sse4.1, sse4.2, popcnt, avx, avx2, aes, clmul, erms, rtm, 3dnowpref, lzcnt, ht, tsc, tscinvbit, bmi1, bmi2, adx, fma

Memory: 4k page, physical 8388608k(60868k free)

vm_info: Java HotSpot(TM) 64-Bit Server VM (11.0.9+7-LTS) for bsd-amd64 JRE (11.0.9+7-LTS), built on Sep 15 2020 15:57:40 by "mach5one" with gcc 4.2.1 Compatible Apple LLVM 10.0.0 (clang-1000.11.45.5)

END.
